<?xml version="1.0" encoding="UTF-8"?>
<testsuite xmlns:xsi="http://www.w3.org/2001/XMLSchema-instance" xsi:noNamespaceSchemaLocation="https://maven.apache.org/surefire/maven-surefire-plugin/xsd/surefire-test-report.xsd" version="3.0.2" name="com.AlkemyJava2TP3.PracticoParte3.service.ProductoServiceTest" time="0.134" tests="7" errors="0" skipped="0" failures="0">
  <properties>
[...]
</properties>
  <testcase name="getTodosProductosVacio" classname="com.AlkemyJava2TP3.PracticoParte3.service.ProductoServiceTest" time="0.007">
    <system-out><![CDATA[2025-06-30T20:48:25.393-03:00  INFO 15648 --- [PracticoCompleto] [           main] t.c.s.AnnotationConfigContextLoaderUtils : Could not detect default configuration classes for test class [com.AlkemyJava2TP3.PracticoParte3.service.ProductoServiceTest]: ProductoServiceTest does not declare any static, non-private, non-final, nested classes annotated with @Configuration.
2025-06-30T20:48:25.396-03:00  INFO 15648 --- [PracticoCompleto] [           main] .b.t.c.SpringBootTestContextBootstrapper : Found @SpringBootConfiguration com.AlkemyJava2TP3.PracticoParte3.PracticoParte3Application for test class com.AlkemyJava2TP3.PracticoParte3.service.ProductoServiceTest
]]></system-out>
  </testcase>
  <testcase name="eliminarProductoSiExiste" classname="com.AlkemyJava2TP3.PracticoParte3.service.ProductoServiceTest" time="0.005"/>
  <testcase name="crearProducto" classname="com.AlkemyJava2TP3.PracticoParte3.service.ProductoServiceTest" time="0.005"/>
  <testcase name="actualizarProductoSiNoExiste" classname="com.AlkemyJava2TP3.PracticoParte3.service.ProductoServiceTest" time="0.007"/>
  <testcase name="actualizarProductoSiExiste" classname="com.AlkemyJava2TP3.PracticoParte3.service.ProductoServiceTest" time="0.006"/>
  <testcase name="getTodosProductos" classname="com.AlkemyJava2TP3.PracticoParte3.service.ProductoServiceTest" time="0.007"/>
  <testcase name="eliminarProductoSiNoExiste" classname="com.AlkemyJava2TP3.PracticoParte3.service.ProductoServiceTest" time="0.005"/>
</testsuite>