<?xml version="1.0" encoding="UTF-8"?>
<testsuite xmlns:xsi="http://www.w3.org/2001/XMLSchema-instance" xsi:noNamespaceSchemaLocation="https://maven.apache.org/surefire/maven-surefire-plugin/xsd/surefire-test-report.xsd" version="3.0.2" name="com.AlkemyJava2TP3.PracticoParte3.service.AuthServiceTest" time="4.728" tests="4" errors="0" skipped="0" failures="0">
  <properties>
[...]
</properties>
  <testcase name="register_deberiaGuardarUsuarioYRetornarAuthResponse" classname="com.AlkemyJava2TP3.PracticoParte3.service.AuthServiceTest" time="0.119">
    <system-out><![CDATA[21:20:37.695 [main] INFO org.springframework.test.context.support.AnnotationConfigContextLoaderUtils -- Could not detect default configuration classes for test class [com.AlkemyJava2TP3.PracticoParte3.service.AuthServiceTest]: AuthServiceTest does not declare any static, non-private, non-final, nested classes annotated with @Configuration.
21:20:37.849 [main] INFO org.springframework.boot.test.context.SpringBootTestContextBootstrapper -- Found @SpringBootConfiguration com.AlkemyJava2TP3.PracticoParte3.PracticoParte3Application for test class com.AlkemyJava2TP3.PracticoParte3.service.AuthServiceTest
21:20:38.035 [main] INFO org.springframework.boot.devtools.restart.RestartApplicationListener -- Restart disabled due to context in which it is running

  .   ____          _            __ _ _
 /\\ / ___'_ __ _ _(_)_ __  __ _ \ \ \ \
( ( )\___ | '_ | '_| | '_ \/ _` | \ \ \ \
 \\/  ___)| |_)| | | | | || (_| |  ) ) ) )
  '  |____| .__|_| |_|_| |_\__, | / / / /
 =========|_|==============|___/=/_/_/_/

 :: Spring Boot ::                (v3.5.0)

2025-06-30T21:20:38.399-03:00  INFO 20508 --- [PracticoCompleto] [           main] c.A.P.service.AuthServiceTest            : Starting AuthServiceTest using Java 17.0.12 with PID 20508 (started by Maxlean in C:\Users\Maxlean\Documents\JAVA2\PracticoCompleto)
2025-06-30T21:20:38.401-03:00  INFO 20508 --- [PracticoCompleto] [           main] c.A.P.service.AuthServiceTest            : No active profile set, falling back to 1 default profile: "default"
2025-06-30T21:20:39.199-03:00  INFO 20508 --- [PracticoCompleto] [           main] .s.d.r.c.RepositoryConfigurationDelegate : Bootstrapping Spring Data MongoDB repositories in DEFAULT mode.
2025-06-30T21:20:39.268-03:00  INFO 20508 --- [PracticoCompleto] [           main] .s.d.r.c.RepositoryConfigurationDelegate : Finished Spring Data repository scanning in 61 ms. Found 2 MongoDB repository interfaces.
2025-06-30T21:20:39.861-03:00  INFO 20508 --- [PracticoCompleto] [           main] org.mongodb.driver.client                : MongoClient with metadata {"application": {"name": "AlkemyJava2Clase6"}, "driver": {"name": "mongo-java-driver|sync|spring-boot", "version": "5.4.0"}, "os": {"type": "Windows", "name": "Windows 11", "architecture": "amd64", "version": "10.0"}, "platform": "Java/Oracle Corporation/17.0.12+8-LTS-286"} created with settings MongoClientSettings{readPreference=primary, writeConcern=WriteConcern{w=majority, wTimeout=null ms, journal=null}, retryWrites=true, retryReads=true, readConcern=ReadConcern{level=null}, credential=MongoCredential{mechanism=null, userName='${SECRET_DB_USER_NAME}', source='admin', password=<hidden>, mechanismProperties=<hidden>}, transportSettings=null, commandListeners=[], codecRegistry=ProvidersCodecRegistry{codecProviders=[ValueCodecProvider{}, BsonValueCodecProvider{}, DBRefCodecProvider{}, DBObjectCodecProvider{}, DocumentCodecProvider{}, CollectionCodecProvider{}, IterableCodecProvider{}, MapCodecProvider{}, GeoJsonCodecProvider{}, GridFSFileCodecProvider{}, Jsr310CodecProvider{}, JsonObjectCodecProvider{}, BsonCodecProvider{}, EnumCodecProvider{}, com.mongodb.client.model.mql.ExpressionCodecProvider@30c19bff, com.mongodb.Jep395RecordCodecProvider@4e375bba, com.mongodb.KotlinCodecProvider@ab2e6d2]}, loggerSettings=LoggerSettings{maxDocumentLength=1000}, clusterSettings={hosts=[127.0.0.1:27017], srvHost=alkemyjava2clase6.2rmjcus.mongodb.net, srvServiceName=mongodb, mode=MULTIPLE, requiredClusterType=REPLICA_SET, requiredReplicaSetName='atlas-11m21k-shard-0', serverSelector='null', clusterListeners='[]', serverSelectionTimeout='30000 ms', localThreshold='15 ms'}, socketSettings=SocketSettings{connectTimeoutMS=10000, readTimeoutMS=0, receiveBufferSize=0, proxySettings=ProxySettings{host=null, port=null, username=null, password=null}}, heartbeatSocketSettings=SocketSettings{connectTimeoutMS=10000, readTimeoutMS=10000, receiveBufferSize=0, proxySettings=ProxySettings{host=null, port=null, username=null, password=null}}, connectionPoolSettings=ConnectionPoolSettings{maxSize=100, minSize=0, maxWaitTimeMS=120000, maxConnectionLifeTimeMS=0, maxConnectionIdleTimeMS=0, maintenanceInitialDelayMS=0, maintenanceFrequencyMS=60000, connectionPoolListeners=[], maxConnecting=2}, serverSettings=ServerSettings{heartbeatFrequencyMS=10000, minHeartbeatFrequencyMS=500, serverMonitoringMode=AUTO, serverListeners='[]', serverMonitorListeners='[]'}, sslSettings=SslSettings{enabled=true, invalidHostNameAllowed=false, context=null}, applicationName='AlkemyJava2Clase6', compressorList=[], uuidRepresentation=JAVA_LEGACY, serverApi=null, autoEncryptionSettings=null, dnsClient=null, inetAddressResolver=null, contextProvider=null, timeoutMS=null}
2025-06-30T21:20:39.864-03:00  INFO 20508 --- [PracticoCompleto] [cus.mongodb.net] org.mongodb.driver.cluster               : Adding discovered server ac-tilccqt-shard-00-00.2rmjcus.mongodb.net:27017 to client view of cluster
2025-06-30T21:20:39.896-03:00  INFO 20508 --- [PracticoCompleto] [cus.mongodb.net] org.mongodb.driver.cluster               : Adding discovered server ac-tilccqt-shard-00-02.2rmjcus.mongodb.net:27017 to client view of cluster
2025-06-30T21:20:39.899-03:00  INFO 20508 --- [PracticoCompleto] [cus.mongodb.net] org.mongodb.driver.cluster               : Adding discovered server ac-tilccqt-shard-00-01.2rmjcus.mongodb.net:27017 to client view of cluster
2025-06-30T21:20:39.978-03:00  WARN 20508 --- [PracticoCompleto] [           main] o.s.data.convert.CustomConversions       : Registering converter from interface java.util.List to interface org.springframework.data.domain.Vector as reading converter although it doesn't convert from a store-supported type; You might want to check your annotation setup at the converter implementation
2025-06-30T21:20:40.087-03:00  WARN 20508 --- [PracticoCompleto] [           main] o.s.data.convert.CustomConversions       : Registering converter from interface java.util.List to interface org.springframework.data.domain.Vector as reading converter although it doesn't convert from a store-supported type; You might want to check your annotation setup at the converter implementation
Creando ExecutorService: myFixedThreadPoolExecutor
Creando ExecutorService: myCachedThreadPoolExecutor
Creando ExecutorService: mySingleThreadExecutor
2025-06-30T21:20:40.338-03:00  INFO 20508 --- [PracticoCompleto] [           main] eAuthenticationProviderManagerConfigurer : Global AuthenticationManager configured with AuthenticationProvider bean with name authenticationProvider
2025-06-30T21:20:40.339-03:00  WARN 20508 --- [PracticoCompleto] [           main] r$InitializeUserDetailsManagerConfigurer : Global AuthenticationManager configured with an AuthenticationProvider bean. UserDetailsService beans will not be used by Spring Security for automatically configuring username/password login. Consider removing the AuthenticationProvider bean. Alternatively, consider using the UserDetailsService in a manually instantiated DaoAuthenticationProvider. If the current configuration is intentional, to turn off this warning, increase the logging level of 'org.springframework.security.config.annotation.authentication.configuration.InitializeUserDetailsBeanManagerConfigurer' to ERROR
2025-06-30T21:20:40.522-03:00  INFO 20508 --- [PracticoCompleto] [ngodb.net:27017] org.mongodb.driver.cluster               : Monitor thread successfully connected to server with description ServerDescription{address=ac-tilccqt-shard-00-02.2rmjcus.mongodb.net:27017, type=REPLICA_SET_SECONDARY, cryptd=false, state=CONNECTED, ok=true, minWireVersion=0, maxWireVersion=25, maxDocumentSize=16777216, logicalSessionTimeoutMinutes=30, roundTripTimeNanos=278738800, minRoundTripTimeNanos=0, setName='atlas-11m21k-shard-0', canonicalAddress=ac-tilccqt-shard-00-02.2rmjcus.mongodb.net:27017, hosts=[ac-tilccqt-shard-00-00.2rmjcus.mongodb.net:27017, ac-tilccqt-shard-00-01.2rmjcus.mongodb.net:27017, ac-tilccqt-shard-00-02.2rmjcus.mongodb.net:27017], passives=[], arbiters=[], primary='ac-tilccqt-shard-00-01.2rmjcus.mongodb.net:27017', tagSet=TagSet{[Tag{name='availabilityZone', value='sae1-az2'}, Tag{name='diskState', value='READY'}, Tag{name='nodeType', value='ELECTABLE'}, Tag{name='provider', value='AWS'}, Tag{name='region', value='SA_EAST_1'}, Tag{name='workloadType', value='OPERATIONAL'}]}, electionId=null, setVersion=1, topologyVersion=TopologyVersion{processId=6851c6a3e5061b8b6ecd80ba, counter=3}, lastWriteDate=Mon Jun 30 21:20:38 ART 2025, lastUpdateTimeNanos=29400186082400}
2025-06-30T21:20:40.522-03:00  INFO 20508 --- [PracticoCompleto] [ngodb.net:27017] org.mongodb.driver.cluster               : Monitor thread successfully connected to server with description ServerDescription{address=ac-tilccqt-shard-00-01.2rmjcus.mongodb.net:27017, type=REPLICA_SET_PRIMARY, cryptd=false, state=CONNECTED, ok=true, minWireVersion=0, maxWireVersion=25, maxDocumentSize=16777216, logicalSessionTimeoutMinutes=30, roundTripTimeNanos=279006000, minRoundTripTimeNanos=0, setName='atlas-11m21k-shard-0', canonicalAddress=ac-tilccqt-shard-00-01.2rmjcus.mongodb.net:27017, hosts=[ac-tilccqt-shard-00-00.2rmjcus.mongodb.net:27017, ac-tilccqt-shard-00-01.2rmjcus.mongodb.net:27017, ac-tilccqt-shard-00-02.2rmjcus.mongodb.net:27017], passives=[], arbiters=[], primary='ac-tilccqt-shard-00-01.2rmjcus.mongodb.net:27017', tagSet=TagSet{[Tag{name='availabilityZone', value='sae1-az3'}, Tag{name='diskState', value='READY'}, Tag{name='nodeType', value='ELECTABLE'}, Tag{name='provider', value='AWS'}, Tag{name='region', value='SA_EAST_1'}, Tag{name='workloadType', value='OPERATIONAL'}]}, electionId=7fffffff0000000000000013, setVersion=1, topologyVersion=TopologyVersion{processId=6851c4d442fc9b09fdcebf43, counter=6}, lastWriteDate=Mon Jun 30 21:20:38 ART 2025, lastUpdateTimeNanos=29400186082400}
2025-06-30T21:20:40.522-03:00  INFO 20508 --- [PracticoCompleto] [ngodb.net:27017] org.mongodb.driver.cluster               : Monitor thread successfully connected to server with description ServerDescription{address=ac-tilccqt-shard-00-00.2rmjcus.mongodb.net:27017, type=REPLICA_SET_SECONDARY, cryptd=false, state=CONNECTED, ok=true, minWireVersion=0, maxWireVersion=25, maxDocumentSize=16777216, logicalSessionTimeoutMinutes=30, roundTripTimeNanos=279006100, minRoundTripTimeNanos=0, setName='atlas-11m21k-shard-0', canonicalAddress=ac-tilccqt-shard-00-00.2rmjcus.mongodb.net:27017, hosts=[ac-tilccqt-shard-00-00.2rmjcus.mongodb.net:27017, ac-tilccqt-shard-00-01.2rmjcus.mongodb.net:27017, ac-tilccqt-shard-00-02.2rmjcus.mongodb.net:27017], passives=[], arbiters=[], primary='ac-tilccqt-shard-00-01.2rmjcus.mongodb.net:27017', tagSet=TagSet{[Tag{name='availabilityZone', value='sae1-az1'}, Tag{name='diskState', value='READY'}, Tag{name='nodeType', value='ELECTABLE'}, Tag{name='provider', value='AWS'}, Tag{name='region', value='SA_EAST_1'}, Tag{name='workloadType', value='OPERATIONAL'}]}, electionId=null, setVersion=1, topologyVersion=TopologyVersion{processId=6851c59e2ba6b5695c437afa, counter=4}, lastWriteDate=Mon Jun 30 21:20:38 ART 2025, lastUpdateTimeNanos=29400186082400}
2025-06-30T21:20:40.528-03:00  INFO 20508 --- [PracticoCompleto] [ngodb.net:27017] org.mongodb.driver.cluster               : Discovered replica set primary ac-tilccqt-shard-00-01.2rmjcus.mongodb.net:27017 with max election id 7fffffff0000000000000013 and max set version 1
2025-06-30T21:20:41.040-03:00  INFO 20508 --- [PracticoCompleto] [           main] c.A.P.service.AuthServiceTest            : Started AuthServiceTest in 3.021 seconds (process running for 4.206)
]]></system-out>
  </testcase>
  <testcase name="login_deberiaLanzarExcepcionSiUsuarioNoExiste" classname="com.AlkemyJava2TP3.PracticoParte3.service.AuthServiceTest" time="0.013"/>
  <testcase name="login_deberiaRetornarAuthResponseSiCredencialesSonCorrectas" classname="com.AlkemyJava2TP3.PracticoParte3.service.AuthServiceTest" time="0.011"/>
  <testcase name="login_deberiaLanzarExcepcionSiPasswordEsIncorrecto" classname="com.AlkemyJava2TP3.PracticoParte3.service.AuthServiceTest" time="0.011"/>
</testsuite>